# Nmap 7.91 scan initiated Tue Mar  9 18:06:22 2021 as: nmap -vvv -p 22,80 -sC -sV -A -oN rustscan.log 10.10.131.27
Nmap scan report for 10.10.131.27
Host is up, received syn-ack (0.35s latency).
Scanned at 2021-03-09 18:06:24 PST for 17s

PORT   STATE SERVICE REASON  VERSION
22/tcp open  ssh     syn-ack OpenSSH 7.6p1 Ubuntu 4ubuntu0.3 (Ubuntu Linux; protocol 2.0)
| ssh-hostkey: 
|   2048 4b:0e:bf:14:fa:54:b3:5c:44:15:ed:b2:5d:a0:ac:8f (RSA)
| ssh-rsa AAAAB3NzaC1yc2EAAAADAQABAAABAQDddsKhK0u67HTcGJWVdm5ukT2hHzo8pDwrqJmqffotf3+4uTESTdRdr2UgZhPD5ZAvVubybTc5HSVOA+CQ6eWzlmX1LDU3lsxiWEE1RF9uOVk3Kimdxp/DI8ILcJJdQlq9xywZvDZ5wwH+zxGB+mkq1i8OQuUR+0itCWembOAj1NvF4DIplYfNbbcw1qPvZgo0dA+WhPLMchn/S8T5JMFDEvV4TzhVVJM26wfBi4o0nslL9MhM74XGLvafSa5aG+CL+xrtp6oJY2wPdCSQIFd9MVVJzCYuEJ1k4oLMU1zDhANaSiScpEVpfJ4HqcdW+zFq2YAhD1a8CsAxXfMoWowd
|   256 d0:3a:81:55:13:5e:87:0c:e8:52:1e:cf:44:e0:3a:54 (ECDSA)
| ecdsa-sha2-nistp256 AAAAE2VjZHNhLXNoYTItbmlzdHAyNTYAAAAIbmlzdHAyNTYAAABBBMPHLT8mfzU6W6p9tclAb0wb1hYKmdoAKKAqjLG8JrBEUZdFSBnCj8VOeaEuT6anMLidmNO06RAokva3MnWGoys=
|   256 da:ce:79:e0:45:eb:17:25:ef:62:ac:98:f0:cf:bb:04 (ED25519)
|_ssh-ed25519 AAAAC3NzaC1lZDI1NTE5AAAAIEoIlLiatGPnlVn/NBlNWJziqMNrvbNTI5+JbhICdZ6/
80/tcp open  http    syn-ack Apache httpd 2.4.29 ((Ubuntu))
| http-methods: 
|_  Supported Methods: GET POST OPTIONS HEAD
|_http-server-header: Apache/2.4.29 (Ubuntu)
|_http-title: Apache2 Ubuntu Default Page: It works
Service Info: OS: Linux; CPE: cpe:/o:linux:linux_kernel

Read data files from: /usr/bin/../share/nmap
Service detection performed. Please report any incorrect results at https://nmap.org/submit/ .
# Nmap done at Tue Mar  9 18:06:42 2021 -- 1 IP address (1 host up) scanned in 20.02 seconds
