# Nmap 7.91 scan initiated Sun Mar  7 14:36:07 2021 as: nmap -vvv -p 21,22,80 -sC -sV -A -oN rustscan.log 10.10.205.158
Nmap scan report for 10.10.205.158
Host is up, received syn-ack (0.33s latency).
Scanned at 2021-03-07 14:36:08 PST for 19s

PORT   STATE SERVICE REASON  VERSION
21/tcp open  ftp     syn-ack vsftpd 3.0.3
22/tcp open  ssh     syn-ack OpenSSH 7.6p1 Ubuntu 4ubuntu0.3 (Ubuntu Linux; protocol 2.0)
| ssh-hostkey: 
|   2048 c9:03:aa:aa:ea:a9:f1:f4:09:79:c0:47:41:16:f1:9b (RSA)
| ssh-rsa AAAAB3NzaC1yc2EAAAADAQABAAABAQDM1/tmq8Lrur25evbyyI7/+nxDlhbVbMMiRfz5a0eI7Sq9yODJGCVNMPJGKOwtgA/BlPi7V3TKyYJVeH1QOzP8mPLVgfYom6ovelJiLiR6VrO4dqxx+G3ir+tj/OOSc4MpmdnqCvQKtAeJ4e5bbWakFihXyy14yi++oOzqp2VDlqMNN+d2k0uSAx1rDbngwP3UvRfE1E1TaSYhljnb9kvWRxBABhpdkUjbcRLwxBAQFBm9Vm+yQYPurC9YJ1BUlJzOFesYnbS27bG1vVCcuPQN3YjcljVCXBdd0qIvZdYlez4+mVUcJJh1iWl83sfgo+wZRmfHsedjdL1eWNrkt+ed
|   256 2e:1d:83:11:65:03:b4:78:e9:6d:94:d1:3b:db:f4:d6 (ECDSA)
| ecdsa-sha2-nistp256 AAAAE2VjZHNhLXNoYTItbmlzdHAyNTYAAAAIbmlzdHAyNTYAAABBBNy83txF27peDYxMhrPqfipXwZtBNY9H4fww7f2FRCkt09tEcp5f5BKhOE4cNo033XYpmaowy1r4qgFpIqKjf64=
|   256 91:3d:e4:4f:ab:aa:e2:9e:44:af:d3:57:86:70:bc:39 (ED25519)
|_ssh-ed25519 AAAAC3NzaC1lZDI1NTE5AAAAIMhTmk6F06eyLfM0j07nUcnqMqGdgOfFqsp3eLdbwwn0
80/tcp open  http    syn-ack Apache httpd 2.4.29 ((Ubuntu))
| http-methods: 
|_  Supported Methods: OPTIONS HEAD GET POST
|_http-server-header: Apache/2.4.29 (Ubuntu)
|_http-title: Beginning of the end
Service Info: OSs: Unix, Linux; CPE: cpe:/o:linux:linux_kernel

Read data files from: /usr/bin/../share/nmap
Service detection performed. Please report any incorrect results at https://nmap.org/submit/ .
# Nmap done at Sun Mar  7 14:36:27 2021 -- 1 IP address (1 host up) scanned in 20.64 seconds
