# Nmap 7.91 scan initiated Wed Mar  3 20:05:42 2021 as: nmap -vvv -p 21,22,80 -sC -sV -A -oN rustscan/rustscan.log 10.10.238.184
Nmap scan report for 10.10.238.184
Host is up, received reset ttl 63 (0.25s latency).
Scanned at 2021-03-03 20:05:44 PST for 35s

PORT   STATE SERVICE REASON         VERSION
21/tcp open  ftp     syn-ack ttl 63 vsftpd 3.0.3
| ftp-anon: Anonymous FTP login allowed (FTP code 230)
|_-rw-r--r--    1 0        0             119 May 17  2020 note_to_jake.txt
| ftp-syst: 
|   STAT: 
| FTP server status:
|      Connected to ::ffff:10.8.163.96
|      Logged in as ftp
|      TYPE: ASCII
|      No session bandwidth limit
|      Session timeout in seconds is 300
|      Control connection is plain text
|      Data connections will be plain text
|      At session startup, client count was 2
|      vsFTPd 3.0.3 - secure, fast, stable
|_End of status
22/tcp open  ssh     syn-ack ttl 63 OpenSSH 7.6p1 Ubuntu 4ubuntu0.3 (Ubuntu Linux; protocol 2.0)
| ssh-hostkey: 
|   2048 16:7f:2f:fe:0f:ba:98:77:7d:6d:3e:b6:25:72:c6:a3 (RSA)
| ssh-rsa AAAAB3NzaC1yc2EAAAADAQABAAABAQDQjh/Ae6uYU+t7FWTpPoux5Pjv9zvlOLEMlU36hmSn4vD2pYTeHDbzv7ww75UaUzPtsC8kM1EPbMQn1BUCvTNkIxQ34zmw5FatZWNR8/De/u/9fXzHh4MFg74S3K3uQzZaY7XBaDgmU6W0KEmLtKQPcueUomeYkqpL78o5+NjrGO3HwqAH2ED1Zadm5YFEvA0STasLrs7i+qn1G9o4ZHhWi8SJXlIJ6f6O1ea/VqyRJZG1KgbxQFU+zYlIddXpub93zdyMEpwaSIP2P7UTwYR26WI2cqF5r4PQfjAMGkG1mMsOi6v7xCrq/5RlF9ZVJ9nwq349ngG/KTkHtcOJnvXz
|   256 2e:3b:61:59:4b:c4:29:b5:e8:58:39:6f:6f:e9:9b:ee (ECDSA)
| ecdsa-sha2-nistp256 AAAAE2VjZHNhLXNoYTItbmlzdHAyNTYAAAAIbmlzdHAyNTYAAABBBItJ0sW5hVmiYQ8U3mXta5DX2zOeGJ6WTop8FCSbN1UIeV/9jhAQIiVENAW41IfiBYNj8Bm+WcSDKLaE8PipqPI=
|   256 ab:16:2e:79:20:3c:9b:0a:01:9c:8c:44:26:01:58:04 (ED25519)
|_ssh-ed25519 AAAAC3NzaC1lZDI1NTE5AAAAIP2hV8Nm+RfR/f2KZ0Ub/OcSrqfY1g4qwsz16zhXIpqk
80/tcp open  http    syn-ack ttl 63 Apache httpd 2.4.29 ((Ubuntu))
| http-methods: 
|_  Supported Methods: GET POST OPTIONS HEAD
|_http-server-header: Apache/2.4.29 (Ubuntu)
|_http-title: Site doesn't have a title (text/html).
Warning: OSScan results may be unreliable because we could not find at least 1 open and 1 closed port
OS fingerprint not ideal because: Missing a closed TCP port so results incomplete
Aggressive OS guesses: Linux 3.1 (95%), Linux 3.2 (95%), AXIS 210A or 211 Network Camera (Linux 2.6.17) (94%), ASUS RT-N56U WAP (Linux 3.4) (93%), Linux 3.16 (93%), Linux 2.6.32 (92%), Linux 2.6.39 - 3.2 (92%), Linux 3.1 - 3.2 (92%), Linux 3.11 (92%), Linux 3.2 - 4.9 (92%)
No exact OS matches for host (test conditions non-ideal).
TCP/IP fingerprint:
SCAN(V=7.91%E=4%D=3/3%OT=21%CT=%CU=41910%PV=Y%DS=2%DC=T%G=N%TM=603F7BBB%P=x86_64-pc-linux-gnu)
SEQ(SP=103%GCD=1%ISR=10B%TI=Z%CI=Z%II=I%TS=A)
OPS(O1=M505ST11NW6%O2=M505ST11NW6%O3=M505NNT11NW6%O4=M505ST11NW6%O5=M505ST11NW6%O6=M505ST11)
WIN(W1=F4B3%W2=F4B3%W3=F4B3%W4=F4B3%W5=F4B3%W6=F4B3)
ECN(R=Y%DF=Y%T=40%W=F507%O=M505NNSNW6%CC=Y%Q=)
T1(R=Y%DF=Y%T=40%S=O%A=S+%F=AS%RD=0%Q=)
T2(R=N)
T3(R=N)
T4(R=Y%DF=Y%T=40%W=0%S=A%A=Z%F=R%O=%RD=0%Q=)
T5(R=Y%DF=Y%T=40%W=0%S=Z%A=S+%F=AR%O=%RD=0%Q=)
T6(R=Y%DF=Y%T=40%W=0%S=A%A=Z%F=R%O=%RD=0%Q=)
T7(R=Y%DF=Y%T=40%W=0%S=Z%A=S+%F=AR%O=%RD=0%Q=)
U1(R=Y%DF=N%T=40%IPL=164%UN=0%RIPL=G%RID=G%RIPCK=G%RUCK=G%RUD=G)
IE(R=Y%DFI=N%T=40%CD=S)

Uptime guess: 15.687 days (since Tue Feb 16 03:37:09 2021)
Network Distance: 2 hops
TCP Sequence Prediction: Difficulty=259 (Good luck!)
IP ID Sequence Generation: All zeros
Service Info: OSs: Unix, Linux; CPE: cpe:/o:linux:linux_kernel

TRACEROUTE (using port 443/tcp)
HOP RTT       ADDRESS
1   243.68 ms 10.8.0.1
2   243.75 ms 10.10.238.184

Read data files from: /usr/bin/../share/nmap
OS and Service detection performed. Please report any incorrect results at https://nmap.org/submit/ .
# Nmap done at Wed Mar  3 20:06:19 2021 -- 1 IP address (1 host up) scanned in 37.40 seconds
